  snake.c
e:\vs 项目\贪吃蛇\贪吃蛇\snake.c(94): warning C4129: “ ”: 不可识别的字符转义序列
e:\vs 项目\贪吃蛇\贪吃蛇\snake.c(171): warning C4129: “: 不可识别的字符转义序列
e:\vs 项目\贪吃蛇\贪吃蛇\snake.c(171): warning C4129: “D”: 不可识别的字符转义序列
e:\vs 项目\贪吃蛇\贪吃蛇\snake.c(171): warning C4129: “s”: 不可识别的字符转义序列
e:\vs 项目\贪吃蛇\贪吃蛇\snake.c(179): warning C4101: “i”: 未引用的局部变量
e:\vs 项目\贪吃蛇\贪吃蛇\snake.c(495): warning C4101: “j”: 未引用的局部变量
e:\vs 项目\贪吃蛇\贪吃蛇\snake.c(615): warning C4129: “: 不可识别的字符转义序列
e:\vs 项目\贪吃蛇\贪吃蛇\snake.c(615): warning C4129: “D”: 不可识别的字符转义序列
e:\vs 项目\贪吃蛇\贪吃蛇\snake.c(615): warning C4129: “s”: 不可识别的字符转义序列
  test.c
e:\vs 项目\贪吃蛇\贪吃蛇\test.c(7): warning C4013: “gotoxy”未定义；假设外部返回 int
e:\vs 项目\贪吃蛇\贪吃蛇\test.c(8): warning C4013: “color”未定义；假设外部返回 int
e:\vs 项目\贪吃蛇\贪吃蛇\test.c(9): warning C4013: “printf”未定义；假设外部返回 int
e:\vs 项目\贪吃蛇\贪吃蛇\test.c(37): warning C4013: “scanf”未定义；假设外部返回 int
e:\vs 项目\贪吃蛇\贪吃蛇\test.c(41): warning C4013: “system”未定义；假设外部返回 int
e:\vs 项目\贪吃蛇\贪吃蛇\test.c(42): warning C4013: “createMap”未定义；假设外部返回 int
e:\vs 项目\贪吃蛇\贪吃蛇\test.c(43): warning C4013: “initsnake”未定义；假设外部返回 int
e:\vs 项目\贪吃蛇\贪吃蛇\test.c(44): warning C4013: “createfood”未定义；假设外部返回 int
e:\vs 项目\贪吃蛇\贪吃蛇\test.c(45): warning C4013: “keyboardControl”未定义；假设外部返回 int
e:\vs 项目\贪吃蛇\贪吃蛇\test.c(48): warning C4013: “explation”未定义；假设外部返回 int
e:\vs 项目\贪吃蛇\贪吃蛇\test.c(51): warning C4013: “exit”未定义；假设外部返回 int
e:\vs 项目\贪吃蛇\贪吃蛇\test.c(57): warning C4013: “_getch”未定义；假设外部返回 int
e:\vs 项目\贪吃蛇\贪吃蛇\test.c(59): warning C4013: “printsnake”未定义；假设外部返回 int
e:\vs 项目\贪吃蛇\贪吃蛇\test.c(69): warning C4013: “File_out”未定义；假设外部返回 int
e:\vs 项目\贪吃蛇\贪吃蛇\test.c(71): warning C4013: “endgame”未定义；假设外部返回 int
  正在生成代码...
  贪吃蛇.vcxproj -> E:\vs 项目\贪吃蛇\Debug\贪吃蛇.exe
